21:23:41.009 [main] INFO  r.r.h.HomeworkApplicationTests - Starting HomeworkApplicationTests on DESKTOP-0PMM4PI with PID 11752 (started by 郑煜 in F:\java\homework_2)
21:23:41.010 [main] INFO  r.r.h.HomeworkApplicationTests - No active profile set, falling back to default profiles: default
21:23:41.417 [main] WARN  o.m.s.mapper.ClassPathMapperScanner - Skipping MapperFactoryBean with name 'textMapper' and 'red.rock.homework.Mapper.TextMapper' mapperInterface. Bean already defined with the same name!
21:23:41.417 [main] WARN  o.m.s.mapper.ClassPathMapperScanner - Skipping MapperFactoryBean with name 'userMapper' and 'red.rock.homework.Mapper.UserMapper' mapperInterface. Bean already defined with the same name!
21:23:41.418 [main] WARN  o.m.s.mapper.ClassPathMapperScanner - No MyBatis mapper was found in '[red.rock.homework.Mapper]' package. Please check your configuration.
21:23:41.906 [main] INFO  c.a.d.s.b.a.DruidDataSourceAutoConfigure - Init DruidDataSource
21:23:42.097 [main] INFO  c.alibaba.druid.pool.DruidDataSource - {dataSource-1} inited
21:23:42.672 [main] INFO  o.s.s.c.ThreadPoolTaskExecutor - Initializing ExecutorService 'applicationTaskExecutor'
21:23:43.007 [main] INFO  r.r.h.HomeworkApplicationTests - Started HomeworkApplicationTests in 2.42 seconds (JVM running for 3.691)
21:23:43.522 [Thread-2] INFO  o.s.s.c.ThreadPoolTaskExecutor - Shutting down ExecutorService 'applicationTaskExecutor'
21:23:43.526 [Thread-2] INFO  c.alibaba.druid.pool.DruidDataSource - {dataSource-1} closed
21:28:10.048 [main] INFO  r.r.h.HomeworkApplicationTests - Starting HomeworkApplicationTests on DESKTOP-0PMM4PI with PID 1072 (started by 郑煜 in F:\java\homework_2)
21:28:10.050 [main] INFO  r.r.h.HomeworkApplicationTests - No active profile set, falling back to default profiles: default
21:28:10.452 [main] WARN  o.m.s.mapper.ClassPathMapperScanner - Skipping MapperFactoryBean with name 'textMapper' and 'red.rock.homework.Mapper.TextMapper' mapperInterface. Bean already defined with the same name!
21:28:10.453 [main] WARN  o.m.s.mapper.ClassPathMapperScanner - Skipping MapperFactoryBean with name 'userMapper' and 'red.rock.homework.Mapper.UserMapper' mapperInterface. Bean already defined with the same name!
21:28:10.453 [main] WARN  o.m.s.mapper.ClassPathMapperScanner - No MyBatis mapper was found in '[red.rock.homework.Mapper]' package. Please check your configuration.
21:28:10.931 [main] INFO  c.a.d.s.b.a.DruidDataSourceAutoConfigure - Init DruidDataSource
21:28:11.107 [main] INFO  c.alibaba.druid.pool.DruidDataSource - {dataSource-1} inited
21:28:11.616 [main] INFO  o.s.s.c.ThreadPoolTaskExecutor - Initializing ExecutorService 'applicationTaskExecutor'
21:28:11.919 [main] INFO  r.r.h.HomeworkApplicationTests - Started HomeworkApplicationTests in 2.305 seconds (JVM running for 2.975)
21:28:12.302 [Thread-2] INFO  o.s.s.c.ThreadPoolTaskExecutor - Shutting down ExecutorService 'applicationTaskExecutor'
21:28:12.316 [Thread-2] INFO  c.alibaba.druid.pool.DruidDataSource - {dataSource-1} closed
21:29:16.105 [main] INFO  r.rock.homework.HomeworkApplication - Starting HomeworkApplication on DESKTOP-0PMM4PI with PID 2168 (F:\java\homework_2\target\classes started by 郑煜 in F:\java\homework_2)
21:29:16.107 [main] INFO  r.rock.homework.HomeworkApplication - No active profile set, falling back to default profiles: default
21:29:17.003 [main] INFO  o.s.b.w.e.tomcat.TomcatWebServer - Tomcat initialized with port(s): 8080 (http)
21:29:17.014 [main] INFO  o.a.coyote.http11.Http11NioProtocol - Initializing ProtocolHandler ["http-nio-8080"]
21:29:17.021 [main] INFO  o.a.catalina.core.StandardService - Starting service [Tomcat]
21:29:17.022 [main] INFO  o.a.catalina.core.StandardEngine - Starting Servlet engine: [Apache Tomcat/9.0.16]
21:29:17.027 [main] INFO  o.a.c.core.AprLifecycleListener - The APR based Apache Tomcat Native library which allows optimal performance in production environments was not found on the java.library.path: [C:\Program Files\Java\jdk1.8.0_181\bin;C:\WINDOWS\Sun\Java\bin;C:\WINDOWS\system32;C:\WINDOWS;E:\nodejs\;E:\python\Scripts\;E:\python\;C:\Users\郑煜\AppData\Local\Microsoft\WindowsApps;C:\Users\郑煜\AppData\Local\GitHubDesktop\bin;E:\Microsoft VS Code\bin;E:\Bandizip\;C:\Program Files\Typora\Pandoc;C:\Users\郑煜\AppData\Roaming\npm;.]
21:29:17.102 [main] INFO  o.a.c.c.C.[Tomcat].[localhost].[/] - Initializing Spring embedded WebApplicationContext
21:29:17.102 [main] INFO  o.s.web.context.ContextLoader - Root WebApplicationContext: initialization completed in 934 ms
21:29:17.163 [main] INFO  c.a.d.s.b.a.DruidDataSourceAutoConfigure - Init DruidDataSource
21:29:17.255 [main] INFO  c.alibaba.druid.pool.DruidDataSource - {dataSource-1} inited
21:29:17.506 [main] INFO  o.s.s.c.ThreadPoolTaskExecutor - Initializing ExecutorService 'applicationTaskExecutor'
21:29:17.653 [main] INFO  o.a.coyote.http11.Http11NioProtocol - Starting ProtocolHandler ["http-nio-8080"]
21:29:17.680 [main] INFO  o.s.b.w.e.tomcat.TomcatWebServer - Tomcat started on port(s): 8080 (http) with context path ''
21:29:17.685 [main] INFO  r.rock.homework.HomeworkApplication - Started HomeworkApplication in 1.915 seconds (JVM running for 2.416)
21:29:33.046 [http-nio-8080-exec-1] INFO  o.a.c.c.C.[Tomcat].[localhost].[/] - Initializing Spring DispatcherServlet 'dispatcherServlet'
21:29:33.046 [http-nio-8080-exec-1] INFO  o.s.web.servlet.DispatcherServlet - Initializing Servlet 'dispatcherServlet'
21:29:33.050 [http-nio-8080-exec-1] INFO  o.s.web.servlet.DispatcherServlet - Completed initialization in 4 ms
21:29:33.073 [http-nio-8080-exec-1] WARN  o.s.w.s.m.s.DefaultHandlerExceptionResolver - Resolved [org.springframework.web.bind.MissingServletRequestParameterException: Required String parameter 'username' is not present]
21:30:11.856 [http-nio-8080-exec-3] ERROR o.a.c.c.C.[.[.[.[dispatcherServlet] - Servlet.service() for servlet [dispatcherServlet] in context with path [] threw exception [Request processing failed; nested exception is org.mybatis.spring.MyBatisSystemException: nested exception is org.apache.ibatis.exceptions.TooManyResultsException: Expected one result (or null) to be returned by selectOne(), but found: 2] with root cause
org.apache.ibatis.exceptions.TooManyResultsException: Expected one result (or null) to be returned by selectOne(), but found: 2
	at org.apache.ibatis.session.defaults.DefaultSqlSession.selectOne(DefaultSqlSession.java:81)
	at sun.reflect.NativeMethodAccessorImpl.invoke0(Native Method)
	at sun.reflect.NativeMethodAccessorImpl.invoke(NativeMethodAccessorImpl.java:62)
	at sun.reflect.DelegatingMethodAccessorImpl.invoke(DelegatingMethodAccessorImpl.java:43)
	at java.lang.reflect.Method.invoke(Method.java:498)
	at org.mybatis.spring.SqlSessionTemplate$SqlSessionInterceptor.invoke(SqlSessionTemplate.java:433)
	at com.sun.proxy.$Proxy61.selectOne(Unknown Source)
	at org.mybatis.spring.SqlSessionTemplate.selectOne(SqlSessionTemplate.java:166)
	at org.apache.ibatis.binding.MapperMethod.execute(MapperMethod.java:84)
	at org.apache.ibatis.binding.MapperProxy.invoke(MapperProxy.java:58)
	at com.sun.proxy.$Proxy68.getUser(Unknown Source)
	at red.rock.homework.Controller.UserController.getdemo(UserController.java:28)
	at sun.reflect.NativeMethodAccessorImpl.invoke0(Native Method)
	at sun.reflect.NativeMethodAccessorImpl.invoke(NativeMethodAccessorImpl.java:62)
	at sun.reflect.DelegatingMethodAccessorImpl.invoke(DelegatingMethodAccessorImpl.java:43)
	at java.lang.reflect.Method.invoke(Method.java:498)
	at org.springframework.web.method.support.InvocableHandlerMethod.doInvoke(InvocableHandlerMethod.java:189)
	at org.springframework.web.method.support.InvocableHandlerMethod.invokeForRequest(InvocableHandlerMethod.java:138)
	at org.springframework.web.servlet.mvc.method.annotation.ServletInvocableHandlerMethod.invokeAndHandle(ServletInvocableHandlerMethod.java:102)
	at org.springframework.web.servlet.mvc.method.annotation.RequestMappingHandlerAdapter.invokeHandlerMethod(RequestMappingHandlerAdapter.java:895)
	at org.springframework.web.servlet.mvc.method.annotation.RequestMappingHandlerAdapter.handleInternal(RequestMappingHandlerAdapter.java:800)
	at org.springframework.web.servlet.mvc.method.AbstractHandlerMethodAdapter.handle(AbstractHandlerMethodAdapter.java:87)
	at org.springframework.web.servlet.DispatcherServlet.doDispatch(DispatcherServlet.java:1038)
	at org.springframework.web.servlet.DispatcherServlet.doService(DispatcherServlet.java:942)
	at org.springframework.web.servlet.FrameworkServlet.processRequest(FrameworkServlet.java:1005)
	at org.springframework.web.servlet.FrameworkServlet.doGet(FrameworkServlet.java:897)
	at javax.servlet.http.HttpServlet.service(HttpServlet.java:634)
	at org.springframework.web.servlet.FrameworkServlet.service(FrameworkServlet.java:882)
	at javax.servlet.http.HttpServlet.service(HttpServlet.java:741)
	at org.apache.catalina.core.ApplicationFilterChain.internalDoFilter(ApplicationFilterChain.java:231)
	at org.apache.catalina.core.ApplicationFilterChain.doFilter(ApplicationFilterChain.java:166)
	at org.apache.tomcat.websocket.server.WsFilter.doFilter(WsFilter.java:53)
	at org.apache.catalina.core.ApplicationFilterChain.internalDoFilter(ApplicationFilterChain.java:193)
	at org.apache.catalina.core.ApplicationFilterChain.doFilter(ApplicationFilterChain.java:166)
	at com.alibaba.druid.support.http.WebStatFilter.doFilter(WebStatFilter.java:123)
	at org.apache.catalina.core.ApplicationFilterChain.internalDoFilter(ApplicationFilterChain.java:193)
	at org.apache.catalina.core.ApplicationFilterChain.doFilter(ApplicationFilterChain.java:166)
	at org.springframework.web.filter.RequestContextFilter.doFilterInternal(RequestContextFilter.java:99)
	at org.springframework.web.filter.OncePerRequestFilter.doFilter(OncePerRequestFilter.java:107)
	at org.apache.catalina.core.ApplicationFilterChain.internalDoFilter(ApplicationFilterChain.java:193)
	at org.apache.catalina.core.ApplicationFilterChain.doFilter(ApplicationFilterChain.java:166)
	at org.springframework.web.filter.FormContentFilter.doFilterInternal(FormContentFilter.java:92)
	at org.springframework.web.filter.OncePerRequestFilter.doFilter(OncePerRequestFilter.java:107)
	at org.apache.catalina.core.ApplicationFilterChain.internalDoFilter(ApplicationFilterChain.java:193)
	at org.apache.catalina.core.ApplicationFilterChain.doFilter(ApplicationFilterChain.java:166)
	at org.springframework.web.filter.HiddenHttpMethodFilter.doFilterInternal(HiddenHttpMethodFilter.java:93)
	at org.springframework.web.filter.OncePerRequestFilter.doFilter(OncePerRequestFilter.java:107)
	at org.apache.catalina.core.ApplicationFilterChain.internalDoFilter(ApplicationFilterChain.java:193)
	at org.apache.catalina.core.ApplicationFilterChain.doFilter(ApplicationFilterChain.java:166)
	at org.springframework.web.filter.CharacterEncodingFilter.doFilterInternal(CharacterEncodingFilter.java:200)
	at org.springframework.web.filter.OncePerRequestFilter.doFilter(OncePerRequestFilter.java:107)
	at org.apache.catalina.core.ApplicationFilterChain.internalDoFilter(ApplicationFilterChain.java:193)
	at org.apache.catalina.core.ApplicationFilterChain.doFilter(ApplicationFilterChain.java:166)
	at org.apache.catalina.core.StandardWrapperValve.invoke(StandardWrapperValve.java:200)
	at org.apache.catalina.core.StandardContextValve.invoke(StandardContextValve.java:96)
	at org.apache.catalina.authenticator.AuthenticatorBase.invoke(AuthenticatorBase.java:490)
	at org.apache.catalina.core.StandardHostValve.invoke(StandardHostValve.java:139)
	at org.apache.catalina.valves.ErrorReportValve.invoke(ErrorReportValve.java:92)
	at org.apache.catalina.core.StandardEngineValve.invoke(StandardEngineValve.java:74)
	at org.apache.catalina.connector.CoyoteAdapter.service(CoyoteAdapter.java:343)
	at org.apache.coyote.http11.Http11Processor.service(Http11Processor.java:408)
	at org.apache.coyote.AbstractProcessorLight.process(AbstractProcessorLight.java:66)
	at org.apache.coyote.AbstractProtocol$ConnectionHandler.process(AbstractProtocol.java:834)
	at org.apache.tomcat.util.net.NioEndpoint$SocketProcessor.doRun(NioEndpoint.java:1415)
	at org.apache.tomcat.util.net.SocketProcessorBase.run(SocketProcessorBase.java:49)
	at java.util.concurrent.ThreadPoolExecutor.runWorker(ThreadPoolExecutor.java:1149)
	at java.util.concurrent.ThreadPoolExecutor$Worker.run(ThreadPoolExecutor.java:624)
	at org.apache.tomcat.util.threads.TaskThread$WrappingRunnable.run(TaskThread.java:61)
	at java.lang.Thread.run(Thread.java:748)
21:31:07.446 [main] INFO  r.r.h.HomeworkApplicationTests - Starting HomeworkApplicationTests on DESKTOP-0PMM4PI with PID 4436 (started by 郑煜 in F:\java\homework_2)
21:31:07.447 [main] INFO  r.r.h.HomeworkApplicationTests - No active profile set, falling back to default profiles: default
21:31:07.875 [main] WARN  o.m.s.mapper.ClassPathMapperScanner - Skipping MapperFactoryBean with name 'textMapper' and 'red.rock.homework.Mapper.TextMapper' mapperInterface. Bean already defined with the same name!
21:31:07.875 [main] WARN  o.m.s.mapper.ClassPathMapperScanner - Skipping MapperFactoryBean with name 'userMapper' and 'red.rock.homework.Mapper.UserMapper' mapperInterface. Bean already defined with the same name!
21:31:07.875 [main] WARN  o.m.s.mapper.ClassPathMapperScanner - No MyBatis mapper was found in '[red.rock.homework.Mapper]' package. Please check your configuration.
21:31:08.366 [main] INFO  c.a.d.s.b.a.DruidDataSourceAutoConfigure - Init DruidDataSource
21:31:08.540 [main] INFO  c.alibaba.druid.pool.DruidDataSource - {dataSource-1} inited
21:31:09.056 [main] INFO  o.s.s.c.ThreadPoolTaskExecutor - Initializing ExecutorService 'applicationTaskExecutor'
21:31:09.370 [main] INFO  r.r.h.HomeworkApplicationTests - Started HomeworkApplicationTests in 2.361 seconds (JVM running for 3.045)
21:31:09.686 [Thread-2] INFO  o.s.s.c.ThreadPoolTaskExecutor - Shutting down ExecutorService 'applicationTaskExecutor'
21:31:09.689 [Thread-2] INFO  c.alibaba.druid.pool.DruidDataSource - {dataSource-1} closed
21:31:42.752 [main] INFO  r.r.h.HomeworkApplicationTests - Starting HomeworkApplicationTests on DESKTOP-0PMM4PI with PID 2272 (started by 郑煜 in F:\java\homework_2)
21:31:42.753 [main] INFO  r.r.h.HomeworkApplicationTests - No active profile set, falling back to default profiles: default
21:31:43.179 [main] WARN  o.m.s.mapper.ClassPathMapperScanner - Skipping MapperFactoryBean with name 'textMapper' and 'red.rock.homework.Mapper.TextMapper' mapperInterface. Bean already defined with the same name!
21:31:43.179 [main] WARN  o.m.s.mapper.ClassPathMapperScanner - Skipping MapperFactoryBean with name 'userMapper' and 'red.rock.homework.Mapper.UserMapper' mapperInterface. Bean already defined with the same name!
21:31:43.179 [main] WARN  o.m.s.mapper.ClassPathMapperScanner - No MyBatis mapper was found in '[red.rock.homework.Mapper]' package. Please check your configuration.
21:31:43.748 [main] INFO  c.a.d.s.b.a.DruidDataSourceAutoConfigure - Init DruidDataSource
21:31:43.926 [main] INFO  c.alibaba.druid.pool.DruidDataSource - {dataSource-1} inited
21:31:44.550 [main] INFO  o.s.s.c.ThreadPoolTaskExecutor - Initializing ExecutorService 'applicationTaskExecutor'
21:31:44.938 [main] INFO  r.r.h.HomeworkApplicationTests - Started HomeworkApplicationTests in 2.615 seconds (JVM running for 3.293)
21:31:45.342 [Thread-2] INFO  o.s.s.c.ThreadPoolTaskExecutor - Shutting down ExecutorService 'applicationTaskExecutor'
21:31:45.345 [Thread-2] INFO  c.alibaba.druid.pool.DruidDataSource - {dataSource-1} closed
21:32:05.467 [main] INFO  r.rock.homework.HomeworkApplication - Starting HomeworkApplication on DESKTOP-0PMM4PI with PID 13944 (F:\java\homework_2\target\classes started by 郑煜 in F:\java\homework_2)
21:32:05.469 [main] INFO  r.rock.homework.HomeworkApplication - No active profile set, falling back to default profiles: default
21:32:06.303 [main] INFO  o.s.b.w.e.tomcat.TomcatWebServer - Tomcat initialized with port(s): 8080 (http)
21:32:06.312 [main] INFO  o.a.coyote.http11.Http11NioProtocol - Initializing ProtocolHandler ["http-nio-8080"]
21:32:06.318 [main] INFO  o.a.catalina.core.StandardService - Starting service [Tomcat]
21:32:06.319 [main] INFO  o.a.catalina.core.StandardEngine - Starting Servlet engine: [Apache Tomcat/9.0.16]
21:32:06.323 [main] INFO  o.a.c.core.AprLifecycleListener - The APR based Apache Tomcat Native library which allows optimal performance in production environments was not found on the java.library.path: [C:\Program Files\Java\jdk1.8.0_181\bin;C:\WINDOWS\Sun\Java\bin;C:\WINDOWS\system32;C:\WINDOWS;E:\nodejs\;E:\python\Scripts\;E:\python\;C:\Users\郑煜\AppData\Local\Microsoft\WindowsApps;C:\Users\郑煜\AppData\Local\GitHubDesktop\bin;E:\Microsoft VS Code\bin;E:\Bandizip\;C:\Program Files\Typora\Pandoc;C:\Users\郑煜\AppData\Roaming\npm;.]
21:32:06.418 [main] INFO  o.a.c.c.C.[Tomcat].[localhost].[/] - Initializing Spring embedded WebApplicationContext
21:32:06.418 [main] INFO  o.s.web.context.ContextLoader - Root WebApplicationContext: initialization completed in 890 ms
21:32:06.487 [main] INFO  c.a.d.s.b.a.DruidDataSourceAutoConfigure - Init DruidDataSource
21:32:06.578 [main] INFO  c.alibaba.druid.pool.DruidDataSource - {dataSource-1} inited
21:32:06.814 [main] INFO  o.s.s.c.ThreadPoolTaskExecutor - Initializing ExecutorService 'applicationTaskExecutor'
21:32:06.954 [main] INFO  o.a.coyote.http11.Http11NioProtocol - Starting ProtocolHandler ["http-nio-8080"]
21:32:06.972 [main] INFO  o.s.b.w.e.tomcat.TomcatWebServer - Tomcat started on port(s): 8080 (http) with context path ''
21:32:06.974 [main] INFO  r.rock.homework.HomeworkApplication - Started HomeworkApplication in 1.832 seconds (JVM running for 2.319)
21:32:11.391 [http-nio-8080-exec-1] INFO  o.a.c.c.C.[Tomcat].[localhost].[/] - Initializing Spring DispatcherServlet 'dispatcherServlet'
21:32:11.391 [http-nio-8080-exec-1] INFO  o.s.web.servlet.DispatcherServlet - Initializing Servlet 'dispatcherServlet'
21:32:11.395 [http-nio-8080-exec-1] INFO  o.s.web.servlet.DispatcherServlet - Completed initialization in 4 ms
21:33:32.480 [main] INFO  r.rock.homework.HomeworkApplication - Starting HomeworkApplication on DESKTOP-0PMM4PI with PID 12604 (F:\java\homework_2\target\classes started by 郑煜 in F:\java\homework_2)
21:33:32.481 [main] INFO  r.rock.homework.HomeworkApplication - No active profile set, falling back to default profiles: default
21:33:33.293 [main] INFO  o.s.b.w.e.tomcat.TomcatWebServer - Tomcat initialized with port(s): 8080 (http)
21:33:33.302 [main] INFO  o.a.coyote.http11.Http11NioProtocol - Initializing ProtocolHandler ["http-nio-8080"]
21:33:33.308 [main] INFO  o.a.catalina.core.StandardService - Starting service [Tomcat]
21:33:33.308 [main] INFO  o.a.catalina.core.StandardEngine - Starting Servlet engine: [Apache Tomcat/9.0.16]
21:33:33.312 [main] INFO  o.a.c.core.AprLifecycleListener - The APR based Apache Tomcat Native library which allows optimal performance in production environments was not found on the java.library.path: [C:\Program Files\Java\jdk1.8.0_181\bin;C:\WINDOWS\Sun\Java\bin;C:\WINDOWS\system32;C:\WINDOWS;E:\nodejs\;E:\python\Scripts\;E:\python\;C:\Users\郑煜\AppData\Local\Microsoft\WindowsApps;C:\Users\郑煜\AppData\Local\GitHubDesktop\bin;E:\Microsoft VS Code\bin;E:\Bandizip\;C:\Program Files\Typora\Pandoc;C:\Users\郑煜\AppData\Roaming\npm;.]
21:33:33.383 [main] INFO  o.a.c.c.C.[Tomcat].[localhost].[/] - Initializing Spring embedded WebApplicationContext
21:33:33.384 [main] INFO  o.s.web.context.ContextLoader - Root WebApplicationContext: initialization completed in 845 ms
21:33:33.440 [main] INFO  c.a.d.s.b.a.DruidDataSourceAutoConfigure - Init DruidDataSource
21:33:33.531 [main] INFO  c.alibaba.druid.pool.DruidDataSource - {dataSource-1} inited
21:33:33.759 [main] INFO  o.s.s.c.ThreadPoolTaskExecutor - Initializing ExecutorService 'applicationTaskExecutor'
21:33:33.924 [main] INFO  o.a.coyote.http11.Http11NioProtocol - Starting ProtocolHandler ["http-nio-8080"]
21:33:33.941 [main] INFO  o.s.b.w.e.tomcat.TomcatWebServer - Tomcat started on port(s): 8080 (http) with context path ''
21:33:33.943 [main] INFO  r.rock.homework.HomeworkApplication - Started HomeworkApplication in 1.791 seconds (JVM running for 2.28)
21:33:36.858 [http-nio-8080-exec-1] INFO  o.a.c.c.C.[Tomcat].[localhost].[/] - Initializing Spring DispatcherServlet 'dispatcherServlet'
21:33:36.858 [http-nio-8080-exec-1] INFO  o.s.web.servlet.DispatcherServlet - Initializing Servlet 'dispatcherServlet'
21:33:36.862 [http-nio-8080-exec-1] INFO  o.s.web.servlet.DispatcherServlet - Completed initialization in 4 ms
21:38:03.616 [main] INFO  r.rock.homework.HomeworkApplication - Starting HomeworkApplication on DESKTOP-0PMM4PI with PID 6412 (F:\java\homework_2\target\classes started by 郑煜 in F:\java\homework_2)
21:38:03.618 [main] INFO  r.rock.homework.HomeworkApplication - No active profile set, falling back to default profiles: default
21:38:04.462 [main] INFO  o.s.b.w.e.tomcat.TomcatWebServer - Tomcat initialized with port(s): 8080 (http)
21:38:04.471 [main] INFO  o.a.coyote.http11.Http11NioProtocol - Initializing ProtocolHandler ["http-nio-8080"]
21:38:04.477 [main] INFO  o.a.catalina.core.StandardService - Starting service [Tomcat]
21:38:04.477 [main] INFO  o.a.catalina.core.StandardEngine - Starting Servlet engine: [Apache Tomcat/9.0.16]
21:38:04.482 [main] INFO  o.a.c.core.AprLifecycleListener - The APR based Apache Tomcat Native library which allows optimal performance in production environments was not found on the java.library.path: [C:\Program Files\Java\jdk1.8.0_181\bin;C:\WINDOWS\Sun\Java\bin;C:\WINDOWS\system32;C:\WINDOWS;E:\nodejs\;E:\python\Scripts\;E:\python\;C:\Users\郑煜\AppData\Local\Microsoft\WindowsApps;C:\Users\郑煜\AppData\Local\GitHubDesktop\bin;E:\Microsoft VS Code\bin;E:\Bandizip\;C:\Program Files\Typora\Pandoc;C:\Users\郑煜\AppData\Roaming\npm;.]
21:38:04.564 [main] INFO  o.a.c.c.C.[Tomcat].[localhost].[/] - Initializing Spring embedded WebApplicationContext
21:38:04.564 [main] INFO  o.s.web.context.ContextLoader - Root WebApplicationContext: initialization completed in 883 ms
21:38:04.621 [main] INFO  c.a.d.s.b.a.DruidDataSourceAutoConfigure - Init DruidDataSource
21:38:04.712 [main] INFO  c.alibaba.druid.pool.DruidDataSource - {dataSource-1} inited
21:38:04.964 [main] INFO  o.s.s.c.ThreadPoolTaskExecutor - Initializing ExecutorService 'applicationTaskExecutor'
21:38:05.102 [main] INFO  o.a.coyote.http11.Http11NioProtocol - Starting ProtocolHandler ["http-nio-8080"]
21:38:05.119 [main] INFO  o.s.b.w.e.tomcat.TomcatWebServer - Tomcat started on port(s): 8080 (http) with context path ''
21:38:05.121 [main] INFO  r.rock.homework.HomeworkApplication - Started HomeworkApplication in 1.837 seconds (JVM running for 2.365)
21:38:08.302 [http-nio-8080-exec-1] INFO  o.a.c.c.C.[Tomcat].[localhost].[/] - Initializing Spring DispatcherServlet 'dispatcherServlet'
21:38:08.302 [http-nio-8080-exec-1] INFO  o.s.web.servlet.DispatcherServlet - Initializing Servlet 'dispatcherServlet'
21:38:08.306 [http-nio-8080-exec-1] INFO  o.s.web.servlet.DispatcherServlet - Completed initialization in 4 ms
21:40:14.337 [main] INFO  r.rock.homework.HomeworkApplication - Starting HomeworkApplication on DESKTOP-0PMM4PI with PID 12244 (F:\java\homework_2\target\classes started by 郑煜 in F:\java\homework_2)
21:40:14.338 [main] INFO  r.rock.homework.HomeworkApplication - No active profile set, falling back to default profiles: default
21:40:15.193 [main] INFO  o.s.b.w.e.tomcat.TomcatWebServer - Tomcat initialized with port(s): 8080 (http)
21:40:15.202 [main] INFO  o.a.coyote.http11.Http11NioProtocol - Initializing ProtocolHandler ["http-nio-8080"]
21:40:15.209 [main] INFO  o.a.catalina.core.StandardService - Starting service [Tomcat]
21:40:15.209 [main] INFO  o.a.catalina.core.StandardEngine - Starting Servlet engine: [Apache Tomcat/9.0.16]
21:40:15.213 [main] INFO  o.a.c.core.AprLifecycleListener - The APR based Apache Tomcat Native library which allows optimal performance in production environments was not found on the java.library.path: [C:\Program Files\Java\jdk1.8.0_181\bin;C:\WINDOWS\Sun\Java\bin;C:\WINDOWS\system32;C:\WINDOWS;E:\nodejs\;E:\python\Scripts\;E:\python\;C:\Users\郑煜\AppData\Local\Microsoft\WindowsApps;C:\Users\郑煜\AppData\Local\GitHubDesktop\bin;E:\Microsoft VS Code\bin;E:\Bandizip\;C:\Program Files\Typora\Pandoc;C:\Users\郑煜\AppData\Roaming\npm;.]
21:40:15.284 [main] INFO  o.a.c.c.C.[Tomcat].[localhost].[/] - Initializing Spring embedded WebApplicationContext
21:40:15.284 [main] INFO  o.s.web.context.ContextLoader - Root WebApplicationContext: initialization completed in 885 ms
21:40:15.339 [main] INFO  c.a.d.s.b.a.DruidDataSourceAutoConfigure - Init DruidDataSource
21:40:15.430 [main] INFO  c.alibaba.druid.pool.DruidDataSource - {dataSource-1} inited
21:40:15.656 [main] INFO  o.s.s.c.ThreadPoolTaskExecutor - Initializing ExecutorService 'applicationTaskExecutor'
21:40:15.806 [main] INFO  o.a.coyote.http11.Http11NioProtocol - Starting ProtocolHandler ["http-nio-8080"]
21:40:15.822 [main] INFO  o.s.b.w.e.tomcat.TomcatWebServer - Tomcat started on port(s): 8080 (http) with context path ''
21:40:15.824 [main] INFO  r.rock.homework.HomeworkApplication - Started HomeworkApplication in 1.799 seconds (JVM running for 2.285)
21:40:18.172 [http-nio-8080-exec-1] INFO  o.a.c.c.C.[Tomcat].[localhost].[/] - Initializing Spring DispatcherServlet 'dispatcherServlet'
21:40:18.172 [http-nio-8080-exec-1] INFO  o.s.web.servlet.DispatcherServlet - Initializing Servlet 'dispatcherServlet'
21:40:18.176 [http-nio-8080-exec-1] INFO  o.s.web.servlet.DispatcherServlet - Completed initialization in 4 ms
22:06:40.483 [main] INFO  r.r.h.HomeworkApplicationTests - Starting HomeworkApplicationTests on DESKTOP-0PMM4PI with PID 9240 (started by 郑煜 in F:\java\homework_2)
22:06:40.484 [main] INFO  r.r.h.HomeworkApplicationTests - No active profile set, falling back to default profiles: default
22:06:40.993 [main] WARN  o.m.s.mapper.ClassPathMapperScanner - Skipping MapperFactoryBean with name 'textMapper' and 'red.rock.homework.Mapper.TextMapper' mapperInterface. Bean already defined with the same name!
22:06:40.993 [main] WARN  o.m.s.mapper.ClassPathMapperScanner - Skipping MapperFactoryBean with name 'userMapper' and 'red.rock.homework.Mapper.UserMapper' mapperInterface. Bean already defined with the same name!
22:06:40.994 [main] WARN  o.m.s.mapper.ClassPathMapperScanner - No MyBatis mapper was found in '[red.rock.homework.Mapper]' package. Please check your configuration.
22:06:41.498 [main] INFO  c.a.d.s.b.a.DruidDataSourceAutoConfigure - Init DruidDataSource
22:06:41.669 [main] INFO  c.alibaba.druid.pool.DruidDataSource - {dataSource-1} inited
22:06:42.214 [main] INFO  o.s.s.c.ThreadPoolTaskExecutor - Initializing ExecutorService 'applicationTaskExecutor'
22:06:42.546 [main] INFO  r.r.h.HomeworkApplicationTests - Started HomeworkApplicationTests in 2.484 seconds (JVM running for 3.14)
22:06:42.699 [Thread-2] INFO  o.s.s.c.ThreadPoolTaskExecutor - Shutting down ExecutorService 'applicationTaskExecutor'
22:06:42.700 [Thread-2] INFO  c.alibaba.druid.pool.DruidDataSource - {dataSource-1} closed
22:06:52.202 [main] INFO  r.r.h.HomeworkApplicationTests - Starting HomeworkApplicationTests on DESKTOP-0PMM4PI with PID 9572 (started by 郑煜 in F:\java\homework_2)
22:06:52.203 [main] INFO  r.r.h.HomeworkApplicationTests - No active profile set, falling back to default profiles: default
22:06:52.661 [main] WARN  o.m.s.mapper.ClassPathMapperScanner - Skipping MapperFactoryBean with name 'textMapper' and 'red.rock.homework.Mapper.TextMapper' mapperInterface. Bean already defined with the same name!
22:06:52.662 [main] WARN  o.m.s.mapper.ClassPathMapperScanner - Skipping MapperFactoryBean with name 'userMapper' and 'red.rock.homework.Mapper.UserMapper' mapperInterface. Bean already defined with the same name!
22:06:52.662 [main] WARN  o.m.s.mapper.ClassPathMapperScanner - No MyBatis mapper was found in '[red.rock.homework.Mapper]' package. Please check your configuration.
22:06:53.195 [main] INFO  c.a.d.s.b.a.DruidDataSourceAutoConfigure - Init DruidDataSource
22:06:53.369 [main] INFO  c.alibaba.druid.pool.DruidDataSource - {dataSource-1} inited
22:06:53.914 [main] INFO  o.s.s.c.ThreadPoolTaskExecutor - Initializing ExecutorService 'applicationTaskExecutor'
22:06:54.254 [main] INFO  r.r.h.HomeworkApplicationTests - Started HomeworkApplicationTests in 2.465 seconds (JVM running for 3.12)
22:06:54.389 [Thread-2] INFO  o.s.s.c.ThreadPoolTaskExecutor - Shutting down ExecutorService 'applicationTaskExecutor'
22:06:54.390 [Thread-2] INFO  c.alibaba.druid.pool.DruidDataSource - {dataSource-1} closed
22:15:08.667 [main] INFO  r.r.h.HomeworkApplicationTests - Starting HomeworkApplicationTests on DESKTOP-0PMM4PI with PID 8624 (started by 郑煜 in F:\java\homework_2)
22:15:08.668 [main] INFO  r.r.h.HomeworkApplicationTests - No active profile set, falling back to default profiles: default
22:15:09.181 [main] WARN  o.m.s.mapper.ClassPathMapperScanner - Skipping MapperFactoryBean with name 'textMapper' and 'red.rock.homework.Mapper.TextMapper' mapperInterface. Bean already defined with the same name!
22:15:09.181 [main] WARN  o.m.s.mapper.ClassPathMapperScanner - Skipping MapperFactoryBean with name 'userMapper' and 'red.rock.homework.Mapper.UserMapper' mapperInterface. Bean already defined with the same name!
22:15:09.182 [main] WARN  o.m.s.mapper.ClassPathMapperScanner - No MyBatis mapper was found in '[red.rock.homework.Mapper]' package. Please check your configuration.
22:15:09.714 [main] INFO  c.a.d.s.b.a.DruidDataSourceAutoConfigure - Init DruidDataSource
22:15:09.883 [main] INFO  c.alibaba.druid.pool.DruidDataSource - {dataSource-1} inited
22:15:10.412 [main] INFO  o.s.s.c.ThreadPoolTaskExecutor - Initializing ExecutorService 'applicationTaskExecutor'
22:15:10.752 [main] INFO  r.r.h.HomeworkApplicationTests - Started HomeworkApplicationTests in 2.509 seconds (JVM running for 3.18)
22:15:11.149 [Thread-2] INFO  o.s.s.c.ThreadPoolTaskExecutor - Shutting down ExecutorService 'applicationTaskExecutor'
22:15:11.152 [Thread-2] INFO  c.alibaba.druid.pool.DruidDataSource - {dataSource-1} closed
22:16:01.864 [main] INFO  r.r.h.HomeworkApplicationTests - Starting HomeworkApplicationTests on DESKTOP-0PMM4PI with PID 3608 (started by 郑煜 in F:\java\homework_2)
22:16:01.866 [main] INFO  r.r.h.HomeworkApplicationTests - No active profile set, falling back to default profiles: default
22:16:02.313 [main] WARN  o.m.s.mapper.ClassPathMapperScanner - Skipping MapperFactoryBean with name 'textMapper' and 'red.rock.homework.Mapper.TextMapper' mapperInterface. Bean already defined with the same name!
22:16:02.313 [main] WARN  o.m.s.mapper.ClassPathMapperScanner - Skipping MapperFactoryBean with name 'userMapper' and 'red.rock.homework.Mapper.UserMapper' mapperInterface. Bean already defined with the same name!
22:16:02.314 [main] WARN  o.m.s.mapper.ClassPathMapperScanner - No MyBatis mapper was found in '[red.rock.homework.Mapper]' package. Please check your configuration.
22:16:02.814 [main] INFO  c.a.d.s.b.a.DruidDataSourceAutoConfigure - Init DruidDataSource
22:16:02.978 [main] INFO  c.alibaba.druid.pool.DruidDataSource - {dataSource-1} inited
22:16:03.513 [main] INFO  o.s.s.c.ThreadPoolTaskExecutor - Initializing ExecutorService 'applicationTaskExecutor'
22:16:03.836 [main] INFO  r.r.h.HomeworkApplicationTests - Started HomeworkApplicationTests in 2.399 seconds (JVM running for 3.069)
22:16:04.197 [Thread-2] INFO  o.s.s.c.ThreadPoolTaskExecutor - Shutting down ExecutorService 'applicationTaskExecutor'
22:16:04.200 [Thread-2] INFO  c.alibaba.druid.pool.DruidDataSource - {dataSource-1} closed
22:17:32.139 [main] INFO  r.r.h.HomeworkApplicationTests - Starting HomeworkApplicationTests on DESKTOP-0PMM4PI with PID 2436 (started by 郑煜 in F:\java\homework_2)
22:17:32.141 [main] INFO  r.r.h.HomeworkApplicationTests - No active profile set, falling back to default profiles: default
22:17:32.584 [main] WARN  o.m.s.mapper.ClassPathMapperScanner - Skipping MapperFactoryBean with name 'textMapper' and 'red.rock.homework.Mapper.TextMapper' mapperInterface. Bean already defined with the same name!
22:17:32.585 [main] WARN  o.m.s.mapper.ClassPathMapperScanner - Skipping MapperFactoryBean with name 'userMapper' and 'red.rock.homework.Mapper.UserMapper' mapperInterface. Bean already defined with the same name!
22:17:32.586 [main] WARN  o.m.s.mapper.ClassPathMapperScanner - No MyBatis mapper was found in '[red.rock.homework.Mapper]' package. Please check your configuration.
22:17:33.095 [main] INFO  c.a.d.s.b.a.DruidDataSourceAutoConfigure - Init DruidDataSource
22:17:33.261 [main] INFO  c.alibaba.druid.pool.DruidDataSource - {dataSource-1} inited
22:17:33.818 [main] INFO  o.s.s.c.ThreadPoolTaskExecutor - Initializing ExecutorService 'applicationTaskExecutor'
22:17:34.134 [main] INFO  r.r.h.HomeworkApplicationTests - Started HomeworkApplicationTests in 2.424 seconds (JVM running for 3.138)
22:17:34.497 [Thread-2] INFO  o.s.s.c.ThreadPoolTaskExecutor - Shutting down ExecutorService 'applicationTaskExecutor'
22:17:34.500 [Thread-2] INFO  c.alibaba.druid.pool.DruidDataSource - {dataSource-1} closed
22:17:48.825 [main] INFO  r.r.h.HomeworkApplicationTests - Starting HomeworkApplicationTests on DESKTOP-0PMM4PI with PID 13580 (started by 郑煜 in F:\java\homework_2)
22:17:48.826 [main] INFO  r.r.h.HomeworkApplicationTests - No active profile set, falling back to default profiles: default
22:17:49.306 [main] WARN  o.m.s.mapper.ClassPathMapperScanner - Skipping MapperFactoryBean with name 'textMapper' and 'red.rock.homework.Mapper.TextMapper' mapperInterface. Bean already defined with the same name!
22:17:49.307 [main] WARN  o.m.s.mapper.ClassPathMapperScanner - Skipping MapperFactoryBean with name 'userMapper' and 'red.rock.homework.Mapper.UserMapper' mapperInterface. Bean already defined with the same name!
22:17:49.307 [main] WARN  o.m.s.mapper.ClassPathMapperScanner - No MyBatis mapper was found in '[red.rock.homework.Mapper]' package. Please check your configuration.
22:17:49.833 [main] INFO  c.a.d.s.b.a.DruidDataSourceAutoConfigure - Init DruidDataSource
22:17:49.990 [main] INFO  c.alibaba.druid.pool.DruidDataSource - {dataSource-1} inited
22:17:50.521 [main] INFO  o.s.s.c.ThreadPoolTaskExecutor - Initializing ExecutorService 'applicationTaskExecutor'
22:17:50.836 [main] INFO  r.r.h.HomeworkApplicationTests - Started HomeworkApplicationTests in 2.445 seconds (JVM running for 3.097)
22:17:51.154 [Thread-2] INFO  o.s.s.c.ThreadPoolTaskExecutor - Shutting down ExecutorService 'applicationTaskExecutor'
22:17:51.158 [Thread-2] INFO  c.alibaba.druid.pool.DruidDataSource - {dataSource-1} closed
